<?xml version="1.0" encoding="UTF-8"?>
<!-- Generated by org.testng.reporters.JUnitReportReporter -->
<testsuite hostname="DESKTOP-5THG90T" failures="0" tests="1" name="script.ValidLogin" time="39.041" errors="0" timestamp="07 Mar 2018 10:47:36 GMT" skipped="0">
  <testcase classname="script.ValidLogin" name="testValidLogin" time="39.041"/>
</testsuite> <!-- script.ValidLogin -->
